<?xml version="1.0" encoding="UTF-8"?>
<!-- Generated by org.testng.reporters.JUnitReportReporter -->
<testsuite hostname="Asim_PC" failures="0" tests="1" name="automationScenarios.InstallExternalApkAndLaunch" time="0.000" errors="0" timestamp="2025-01-21T23:41:19 IST" skipped="1">
  <testcase classname="automationScenarios.InstallExternalApkAndLaunch" name="clickApp" time="0.000">
    <skipped/>
  </testcase> <!-- clickApp -->
  <system-out/>
</testsuite> <!-- automationScenarios.InstallExternalApkAndLaunch -->
