<?xml version="1.0" encoding="UTF-8"?>
<!-- Generated by org.testng.reporters.JUnitReportReporter -->
<testsuite hostname="Asim_PC" failures="0" tests="1" name="automationScenarios.DifferentGestures" time="39.729" errors="0" timestamp="2024-10-20T22:49:29 IST" skipped="0">
  <testcase classname="automationScenarios.DifferentGestures" name="performGestures" time="39.729"/>
  <system-out/>
</testsuite> <!-- automationScenarios.DifferentGestures -->
