<?xml version="1.0" encoding="UTF-8"?>
<!-- Generated by org.testng.reporters.JUnitReportReporter -->
<testsuite hostname="Asim_PC" failures="0" tests="1" name="automationScenarios.AutomationScenariosForNativeApps" time="26.224" errors="0" timestamp="2024-10-06T08:57:50 IST" skipped="0">
  <testcase classname="automationScenarios.AutomationScenariosForNativeApps" name="testMobileCommands" time="26.224"/>
  <system-out/>
</testsuite> <!-- automationScenarios.AutomationScenariosForNativeApps -->
