<?xml version="1.0" encoding="UTF-8"?>
<!-- Generated by org.testng.reporters.JUnitReportReporter -->
<testsuite hostname="Asim_PC" failures="0" tests="1" name="automationScenarios.interactWithApps" time="20.652" errors="0" timestamp="2024-10-06T10:27:45 IST" skipped="0">
  <testcase classname="automationScenarios.interactWithApps" name="testMobileCommands" time="20.652"/>
  <system-out/>
</testsuite> <!-- automationScenarios.interactWithApps -->
