<?xml version="1.0" encoding="UTF-8"?>
<!-- Generated by org.testng.reporters.JUnitReportReporter -->
<testsuite hostname="Asim_PC" failures="0" tests="1" name="automationScenarios.interactWithKeyBoard" time="20.071" errors="0" timestamp="2024-10-06T23:46:55 IST" skipped="0">
  <testcase classname="automationScenarios.interactWithKeyBoard" name="keyboardInteractions" time="20.071"/>
  <system-out/>
</testsuite> <!-- automationScenarios.interactWithKeyBoard -->
