<?xml version="1.0" encoding="UTF-8"?>
<!-- Generated by org.testng.reporters.JUnitReportReporter -->
<testsuite hostname="Asim_PC" failures="0" tests="1" name="GoogleClock.Automation.ClockAppAutomationFunc" time="22.715" errors="0" timestamp="2024-09-23T23:51:05 IST" skipped="0">
  <testcase classname="GoogleClock.Automation.ClockAppAutomationFunc" name="setAlarm" time="22.715"/>
  <system-out/>
</testsuite> <!-- GoogleClock.Automation.ClockAppAutomationFunc -->
