<?xml version="1.0" encoding="UTF-8"?>
<!-- Generated by org.testng.reporters.JUnitReportReporter -->
<testsuite hostname="Asim_PC" failures="0" tests="1" name="automationScenarios.interactWithKeyBoard" time="26.607" errors="0" timestamp="2025-01-21T23:56:42 IST" skipped="0">
  <testcase classname="automationScenarios.interactWithKeyBoard" name="keyboardInteractions" time="26.607"/>
  <system-out/>
</testsuite> <!-- automationScenarios.interactWithKeyBoard -->
